<?xml version="1.0" encoding="UTF-8"?>
<!-- Generated by org.testng.reporters.JUnitXMLReporter -->
<testsuite hostname="RCCHN0027" name="Default test" tests="3" failures="0" timestamp="5 Feb 2018 22:03:33 GMT" time="11.512" errors="0">
  <testcase name="Test1_PageDisplay" time="2.131" classname="com.test.selenium.SimpleApp_Test"/>
  <testcase name="Test2_VerifyCountMessage" time="0.453" classname="com.test.selenium.SimpleApp_Test"/>
  <testcase name="Test3_VerifyCount_Empty_Message" time="0.51" classname="com.test.selenium.SimpleApp_Test"/>
</testsuite> <!-- Default test -->
