<?xml version="1.0" encoding="UTF-8"?>
<testng-results skipped="0" failed="0" total="3" passed="3">
  <reporter-output>
  </reporter-output>
  <suite name="Default suite" duration-ms="11512" started-at="2018-02-05T22:03:21Z" finished-at="2018-02-05T22:03:33Z">
    <groups>
    </groups>
    <test name="Default test" duration-ms="11512" started-at="2018-02-05T22:03:21Z" finished-at="2018-02-05T22:03:33Z">
      <class name="com.test.selenium.SimpleApp_Test">
        <test-method status="PASS" signature="SetUpBrowser()[pri:0, instance:com.test.selenium.SimpleApp_Test@cc285f4]" name="SetUpBrowser" is-config="true" duration-ms="8389" started-at="2018-02-06T03:33:21Z" finished-at="2018-02-06T03:33:30Z">
          <reporter-output>
          </reporter-output>
        </test-method> <!-- SetUpBrowser -->
        <test-method status="PASS" signature="Test1_PageDisplay()[pri:0, instance:com.test.selenium.SimpleApp_Test@cc285f4]" name="Test1_PageDisplay" duration-ms="2131" started-at="2018-02-06T03:33:30Z" finished-at="2018-02-06T03:33:32Z">
          <reporter-output>
          </reporter-output>
        </test-method> <!-- Test1_PageDisplay -->
        <test-method status="PASS" signature="Test2_VerifyCountMessage()[pri:1, instance:com.test.selenium.SimpleApp_Test@cc285f4]" name="Test2_VerifyCountMessage" duration-ms="453" started-at="2018-02-06T03:33:32Z" finished-at="2018-02-06T03:33:32Z">
          <reporter-output>
          </reporter-output>
        </test-method> <!-- Test2_VerifyCountMessage -->
        <test-method status="PASS" signature="Test3_VerifyCount_Empty_Message()[pri:2, instance:com.test.selenium.SimpleApp_Test@cc285f4]" name="Test3_VerifyCount_Empty_Message" duration-ms="510" started-at="2018-02-06T03:33:32Z" finished-at="2018-02-06T03:33:33Z">
          <reporter-output>
          </reporter-output>
        </test-method> <!-- Test3_VerifyCount_Empty_Message -->
      </class> <!-- com.test.selenium.SimpleApp_Test -->
    </test> <!-- Default test -->
  </suite> <!-- Default suite -->
</testng-results>
